[debug] [2020-12-22T21:47:02.157Z] ----------------------------------------------------------------------
[debug] [2020-12-22T21:47:02.160Z] Command:       C:\Program Files\nodejs\node.exe C:\Users\Abanoub\AppData\Roaming\npm\node_modules\firebase-tools\lib\bin\firebase.js init
[debug] [2020-12-22T21:47:02.160Z] CLI Version:   9.1.0
[debug] [2020-12-22T21:47:02.160Z] Platform:      win32
[debug] [2020-12-22T21:47:02.160Z] Node Version:  v14.15.1
[debug] [2020-12-22T21:47:02.161Z] Time:          Tue Dec 22 2020 23:47:02 GMT+0200 (Eastern European Standard Time)
[debug] [2020-12-22T21:47:02.161Z] ----------------------------------------------------------------------
[debug] [2020-12-22T21:47:02.161Z] 
[debug] [2020-12-22T21:47:02.167Z] > command requires scopes: ["email","openid","https://www.googleapis.com/auth/cloudplatformprojects.readonly","https://www.googleapis.com/auth/firebase","https://www.googleapis.com/auth/cloud-platform"]
[debug] [2020-12-22T21:47:02.168Z] > authorizing via signed-in user
[info] 
     ######## #### ########  ######## ########     ###     ######  ########
     ##        ##  ##     ## ##       ##     ##  ##   ##  ##       ##
     ######    ##  ########  ######   ########  #########  ######  ######
     ##        ##  ##    ##  ##       ##     ## ##     ##       ## ##
     ##       #### ##     ## ######## ########  ##     ##  ######  ########

You're about to initialize a Firebase project in this directory:

  C:\Users\Abanoub\Desktop\burger-builder

Before we get started, keep in mind:

  * You are initializing in an existing Firebase project directory

[info] 
=== Project Setup
[info] 
[info] First, let's associate this project directory with a Firebase project.
[info] You can create multiple project aliases by running firebase use --add, 
[info] but for now we'll just set up a default project.
[info] 
[info] i  .firebaserc already has a default project, using react-my-burger-85d72. 
[debug] [2020-12-22T21:47:38.546Z] >>> HTTP REQUEST GET https://firebase.googleapis.com/v1beta1/projects/react-my-burger-85d72  
 
[debug] [2020-12-22T21:47:38.850Z] <<< HTTP RESPONSE 200 {"content-type":"application/json; charset=UTF-8","vary":"X-Origin, Referer, Origin,Accept-Encoding","date":"Tue, 22 Dec 2020 21:47:37 GMT","server":"ESF","cache-control":"private","x-xss-protection":"0","x-frame-options":"SAMEORIGIN","x-content-type-options":"nosniff","alt-svc":"h3-29=\":443\"; ma=2592000,h3-T051=\":443\"; ma=2592000,h3-Q050=\":443\"; ma=2592000,h3-Q046=\":443\"; ma=2592000,h3-Q043=\":443\"; ma=2592000,quic=\":443\"; ma=2592000; v=\"46,43\"","accept-ranges":"none","transfer-encoding":"chunked"}
[info] 
=== Hosting Setup
[info] 
[info] Your public directory is the folder (relative to your project directory) that
[info] will contain Hosting assets to be uploaded with firebase deploy. If you
[info] have a build process for your assets, use your build's output directory.
[info] 
[debug] [2020-12-22T21:47:53.460Z] >>> [apiv2][query] GET https://www.gstatic.com/firebasejs/releases.json [none]
[debug] [2020-12-22T21:47:53.629Z] <<< [apiv2][status] GET https://www.gstatic.com/firebasejs/releases.json 200
[debug] [2020-12-22T21:47:53.629Z] <<< [apiv2][body] GET https://www.gstatic.com/firebasejs/releases.json {"current":{"version":"8.2.1","browserURL":"https://www.gstatic.com/firebasejs/8.2.1/firebase.js","packageURL":"https://www.gstatic.com/firebasejs/8.2.1/firebase.tgz"},"live":{"version":"8.2","browserURL":"https://www.gstatic.com/firebasejs/live/8.2/firebase.js","packageURL":"https://www.gstatic.com/firebasejs/live/8.2/firebase.tgz"},"components":{"analytics":"https://www.gstatic.com/firebasejs/8.2.1/firebase-analytics.js","app":"https://www.gstatic.com/firebasejs/8.2.1/firebase-app.js","auth":"https://www.gstatic.com/firebasejs/8.2.1/firebase-auth.js","database":"https://www.gstatic.com/firebasejs/8.2.1/firebase-database.js","firestore":"https://www.gstatic.com/firebasejs/8.2.1/firebase-firestore.js","functions":"https://www.gstatic.com/firebasejs/8.2.1/firebase-functions.js","installations":"https://www.gstatic.com/firebasejs/8.2.1/firebase-installations.js","messaging":"https://www.gstatic.com/firebasejs/8.2.1/firebase-messaging.js","storage":"https://www.gstatic.com/firebasejs/8.2.1/firebase-storage.js","performance":"https://www.gstatic.com/firebasejs/8.2.1/firebase-performance.js","remote-config":"https://www.gstatic.com/firebasejs/8.2.1/firebase-remote-config.js","firestore.memory":"https://www.gstatic.com/firebasejs/8.2.1/firebase-firestore.memory.js"}}
[info] i  Skipping write of build/index.html 
[info] 
[info] i  Didn't detect a .git folder. Assuming C:\Users\Abanoub\Desktop\burger-builder is the project root. 
[info] i  Authorizing with GitHub to upload your service account to a GitHub repository's secrets store. 
[info] 
[info] Visit this URL on this device to log in:
[info] https://github.com/login/oauth/authorize?client_id=89cf50f02ac6aaed3484&state=709322236&redirect_uri=http%3A%2F%2Flocalhost%3A9005&scope=read%3Auser%20repo%20public_repo
[info] 
[info] Waiting for authentication...
[debug] [2020-12-22T21:49:21.975Z] >>> HTTP REQUEST POST https://github.com/login/oauth/access_token  
 {"client_id":"89cf50f02ac6aaed3484","client_secret":"3330d14abc895d9a74d5f17cd7a00711fa2c5bf0","code":"b61000ece98635fa40db","redirect_uri":"http://localhost:9005","state":"709322236"}
[debug] [2020-12-22T21:49:22.621Z] <<< HTTP RESPONSE 200 {"date":"Tue, 22 Dec 2020 21:49:20 GMT","content-type":"application/json; charset=utf-8","transfer-encoding":"chunked","server":"GitHub.com","status":"200 OK","vary":"X-PJAX, Accept-Encoding, Accept, X-Requested-With, Accept-Encoding","etag":"W/\"6a2817dc289d33f9704056bc8b6a34bd\"","cache-control":"max-age=0, private, must-revalidate","strict-transport-security":"max-age=31536000; includeSubdomains; preload","x-frame-options":"deny","x-content-type-options":"nosniff","x-xss-protection":"1; mode=block","referrer-policy":"origin-when-cross-origin, strict-origin-when-cross-origin","expect-ct":"max-age=2592000, report-uri=\"https://api.github.com/_private/browser/errors\"","content-security-policy":"default-src 'none'; base-uri 'self'; block-all-mixed-content; connect-src 'self' uploads.github.com www.githubstatus.com collector.githubapp.com api.github.com github-cloud.s3.amazonaws.com github-production-repository-file-5c1aeb.s3.amazonaws.com github-production-upload-manifest-file-7fdce7.s3.amazonaws.com github-production-user-asset-6210df.s3.amazonaws.com cdn.optimizely.com logx.optimizely.com/v1/events wss://alive.github.com; font-src github.githubassets.com; form-action 'self' github.com gist.github.com; frame-ancestors 'none'; frame-src render.githubusercontent.com; img-src 'self' data: github.githubassets.com identicons.github.com collector.githubapp.com github-cloud.s3.amazonaws.com *.githubusercontent.com; manifest-src 'self'; media-src 'none'; script-src github.githubassets.com; style-src 'unsafe-inline' github.githubassets.com; worker-src github.com/socket-worker-5029ae85.js gist.github.com/socket-worker-5029ae85.js","x-github-request-id":"FF43:5042:47E14B4:6646DC3:5FE269E0"}
[debug] [2020-12-22T21:49:22.622Z] >>> [apiv2][query] GET https://api.github.com/user [none]
[debug] [2020-12-22T21:49:23.249Z] <<< [apiv2][status] GET https://api.github.com/user 200
[debug] [2020-12-22T21:49:23.249Z] <<< [apiv2][body] GET https://api.github.com/user {"login":"abanoubamin","id":40027608,"node_id":"MDQ6VXNlcjQwMDI3NjA4","avatar_url":"https://avatars3.githubusercontent.com/u/40027608?v=4","gravatar_id":"","url":"https://api.github.com/users/abanoubamin","html_url":"https://github.com/abanoubamin","followers_url":"https://api.github.com/users/abanoubamin/followers","following_url":"https://api.github.com/users/abanoubamin/following{/other_user}","gists_url":"https://api.github.com/users/abanoubamin/gists{/gist_id}","starred_url":"https://api.github.com/users/abanoubamin/starred{/owner}{/repo}","subscriptions_url":"https://api.github.com/users/abanoubamin/subscriptions","organizations_url":"https://api.github.com/users/abanoubamin/orgs","repos_url":"https://api.github.com/users/abanoubamin/repos","events_url":"https://api.github.com/users/abanoubamin/events{/privacy}","received_events_url":"https://api.github.com/users/abanoubamin/received_events","type":"User","site_admin":false,"name":"Abanoub Amin","company":null,"blog":"","location":null,"email":null,"hireable":null,"bio":"An organized, detail-oriented, and conscientious self-starter software engineer, able to strategize and prioritize effectively to accomplish multiple tasks.","twitter_username":null,"public_repos":19,"public_gists":0,"followers":0,"following":0,"created_at":"2018-06-07T11:38:30Z","updated_at":"2020-12-22T21:49:19Z","private_gists":0,"total_private_repos":0,"owned_private_repos":0,"disk_usage":29685,"collaborators":0,"two_factor_authentication":false,"plan":{"name":"free","space":976562499,"collaborators":0,"private_repos":10000}}
[info] 
[info] +  Success! Logged into GitHub as abanoubamin 
[info] 
[debug] [2020-12-22T21:51:45.738Z] >>> [apiv2][query] GET https://api.github.com/repos/abanoubamin/BurgerBuilder/actions/secrets/public-key type=owner
[debug] [2020-12-22T21:51:46.069Z] <<< [apiv2][status] GET https://api.github.com/repos/abanoubamin/BurgerBuilder/actions/secrets/public-key 404
[debug] [2020-12-22T21:51:46.069Z] <<< [apiv2][body] GET https://api.github.com/repos/abanoubamin/BurgerBuilder/actions/secrets/public-key {"message":"Not Found","documentation_url":"https://docs.github.com/rest/reference/actions#get-a-repository-public-key"}
[debug] [2020-12-22T21:52:04.409Z] >>> [apiv2][query] GET https://api.github.com/repos/BurgerBuilder/actions/secrets/public-key type=owner
[debug] [2020-12-22T21:52:04.984Z] <<< [apiv2][status] GET https://api.github.com/repos/BurgerBuilder/actions/secrets/public-key 404
[debug] [2020-12-22T21:52:04.984Z] <<< [apiv2][body] GET https://api.github.com/repos/BurgerBuilder/actions/secrets/public-key {"message":"Not Found","documentation_url":"https://docs.github.com/rest"}
